\BOOKMARK [0][-]{chapter.1}{\376\377\000I\000n\000d\000e\000x\000\040\000d\000e\000s\000\040\000c\000l\000a\000s\000s\000e\000s}{}% 1
\BOOKMARK [1][-]{section.1.1}{\376\377\000H\000i\000\351\000r\000a\000r\000c\000h\000i\000e\000\040\000d\000e\000s\000\040\000c\000l\000a\000s\000s\000e\000s}{chapter.1}% 2
\BOOKMARK [0][-]{chapter.2}{\376\377\000I\000n\000d\000e\000x\000\040\000d\000e\000s\000\040\000c\000l\000a\000s\000s\000e\000s}{}% 3
\BOOKMARK [1][-]{section.2.1}{\376\377\000L\000i\000s\000t\000e\000\040\000d\000e\000s\000\040\000c\000l\000a\000s\000s\000e\000s}{chapter.2}% 4
\BOOKMARK [0][-]{chapter.3}{\376\377\000D\000o\000c\000u\000m\000e\000n\000t\000a\000t\000i\000o\000n\000\040\000d\000e\000s\000\040\000c\000l\000a\000s\000s\000e\000s}{}% 5
\BOOKMARK [1][-]{section.3.1}{\376\377\000R\000\351\000f\000\351\000r\000e\000n\000c\000e\000\040\000d\000e\000\040\000l\000a\000\040\000c\000l\000a\000s\000s\000e\000\040\000s\000e\000r\000v\000e\000u\000r\000.\000A\000r\000e\000n\000e}{chapter.3}% 6
\BOOKMARK [2][-]{subsection.3.1.1}{\376\377\000D\000e\000s\000c\000r\000i\000p\000t\000i\000o\000n\000\040\000d\000\351\000t\000a\000i\000l\000l\000\351\000e}{section.3.1}% 7
\BOOKMARK [2][-]{subsection.3.1.2}{\376\377\000D\000o\000c\000u\000m\000e\000n\000t\000a\000t\000i\000o\000n\000\040\000d\000e\000s\000\040\000c\000o\000n\000s\000t\000r\000u\000c\000t\000e\000u\000r\000s\000\040\000e\000t\000\040\000d\000e\000s\000t\000r\000u\000c\000t\000e\000u\000r}{section.3.1}% 8
\BOOKMARK [3][-]{subsubsection.3.1.2.1}{\376\377\000A\000r\000e\000n\000e}{subsection.3.1.2}% 9
\BOOKMARK [2][-]{subsection.3.1.3}{\376\377\000D\000o\000c\000u\000m\000e\000n\000t\000a\000t\000i\000o\000n\000\040\000d\000e\000s\000\040\000f\000o\000n\000c\000t\000i\000o\000n\000s\000\040\000m\000e\000m\000b\000r\000e\000s}{section.3.1}% 10
\BOOKMARK [3][-]{subsubsection.3.1.3.1}{\376\377\000a\000l\000l\000o\000c\000a\000t\000e\000R\000e\000f}{subsection.3.1.3}% 11
\BOOKMARK [3][-]{subsubsection.3.1.3.2}{\376\377\000c\000o\000n\000n\000e\000c\000t}{subsection.3.1.3}% 12
\BOOKMARK [3][-]{subsubsection.3.1.3.3}{\376\377\000c\000o\000u\000n\000t\000C\000l\000i\000e\000n\000t\000s}{subsection.3.1.3}% 13
\BOOKMARK [3][-]{subsubsection.3.1.3.4}{\376\377\000g\000e\000t\000W\000o\000r\000l\000d}{subsection.3.1.3}% 14
\BOOKMARK [3][-]{subsubsection.3.1.3.5}{\376\377\000i\000n\000t\000e\000r\000a\000c\000t\000i\000o\000n}{subsection.3.1.3}% 15
\BOOKMARK [3][-]{subsubsection.3.1.3.6}{\376\377\000r\000a\000m\000a\000s\000s\000e\000r}{subsection.3.1.3}% 16
\BOOKMARK [3][-]{subsubsection.3.1.3.7}{\376\377\000r\000u\000n}{subsection.3.1.3}% 17
\BOOKMARK [3][-]{subsubsection.3.1.3.8}{\376\377\000s\000u\000p\000p\000r\000i\000m\000e\000r\000E\000l\000e\000m\000e\000n\000t}{subsection.3.1.3}% 18
\BOOKMARK [3][-]{subsubsection.3.1.3.9}{\376\377\000v\000o\000i\000s\000i\000n\000s}{subsection.3.1.3}% 19
\BOOKMARK [1][-]{section.3.2}{\376\377\000R\000\351\000f\000\351\000r\000e\000n\000c\000e\000\040\000d\000e\000\040\000l\000a\000\040\000c\000l\000a\000s\000s\000e\000\040\000i\000n\000d\000i\000v\000i\000d\000u\000.\000c\000o\000m\000b\000a\000t\000t\000a\000n\000t\000.\000B\000a\000r\000d\000e}{chapter.3}% 20
\BOOKMARK [2][-]{subsection.3.2.1}{\376\377\000D\000e\000s\000c\000r\000i\000p\000t\000i\000o\000n\000\040\000d\000\351\000t\000a\000i\000l\000l\000\351\000e}{section.3.2}% 21
\BOOKMARK [2][-]{subsection.3.2.2}{\376\377\000D\000o\000c\000u\000m\000e\000n\000t\000a\000t\000i\000o\000n\000\040\000d\000e\000s\000\040\000c\000o\000n\000s\000t\000r\000u\000c\000t\000e\000u\000r\000s\000\040\000e\000t\000\040\000d\000e\000s\000t\000r\000u\000c\000t\000e\000u\000r}{section.3.2}% 22
\BOOKMARK [3][-]{subsubsection.3.2.2.1}{\376\377\000B\000a\000r\000d\000e}{subsection.3.2.2}% 23
\BOOKMARK [1][-]{section.3.3}{\376\377\000R\000\351\000f\000\351\000r\000e\000n\000c\000e\000\040\000d\000e\000\040\000l\000a\000\040\000c\000l\000a\000s\000s\000e\000\040\000i\000n\000d\000i\000v\000i\000d\000u\000.\000e\000q\000u\000i\000p\000e\000m\000e\000n\000t\000.\000B\000o\000t\000t\000e\000s}{chapter.3}% 24
\BOOKMARK [1][-]{section.3.4}{\376\377\000R\000\351\000f\000\351\000r\000e\000n\000c\000e\000\040\000d\000e\000\040\000l\000a\000\040\000c\000l\000a\000s\000s\000e\000\040\000i\000n\000d\000i\000v\000i\000d\000u\000.\000e\000q\000u\000i\000p\000e\000m\000e\000n\000t\000.\000C\000a\000n\000n\000e}{chapter.3}% 25
\BOOKMARK [1][-]{section.3.5}{\376\377\000R\000\351\000f\000\351\000r\000e\000n\000c\000e\000\040\000d\000e\000\040\000l\000a\000\040\000c\000l\000a\000s\000s\000e\000\040\000i\000n\000d\000i\000v\000i\000d\000u\000.\000c\000o\000m\000b\000a\000t\000t\000a\000n\000t\000.\000C\000a\000p\000i\000t\000a\000i\000n\000e}{chapter.3}% 26
\BOOKMARK [2][-]{subsection.3.5.1}{\376\377\000D\000e\000s\000c\000r\000i\000p\000t\000i\000o\000n\000\040\000d\000\351\000t\000a\000i\000l\000l\000\351\000e}{section.3.5}% 27
\BOOKMARK [2][-]{subsection.3.5.2}{\376\377\000D\000o\000c\000u\000m\000e\000n\000t\000a\000t\000i\000o\000n\000\040\000d\000e\000s\000\040\000c\000o\000n\000s\000t\000r\000u\000c\000t\000e\000u\000r\000s\000\040\000e\000t\000\040\000d\000e\000s\000t\000r\000u\000c\000t\000e\000u\000r}{section.3.5}% 28
\BOOKMARK [3][-]{subsubsection.3.5.2.1}{\376\377\000C\000a\000p\000i\000t\000a\000i\000n\000e}{subsection.3.5.2}% 29
\BOOKMARK [1][-]{section.3.6}{\376\377\000R\000\351\000f\000\351\000r\000e\000n\000c\000e\000\040\000d\000e\000\040\000l\000a\000\040\000c\000l\000a\000s\000s\000e\000\040\000i\000n\000d\000i\000v\000i\000d\000u\000.\000e\000q\000u\000i\000p\000e\000m\000e\000n\000t\000.\000C\000h\000a\000p\000e\000a\000u\000D\000e\000P\000a\000i\000l\000l\000e}{chapter.3}% 30
\BOOKMARK [1][-]{section.3.7}{\376\377\000R\000\351\000f\000\351\000r\000e\000n\000c\000e\000\040\000d\000e\000\040\000l\000a\000\040\000c\000l\000a\000s\000s\000e\000\040\000i\000n\000d\000i\000v\000i\000d\000u\000.\000c\000o\000m\000b\000a\000t\000t\000a\000n\000t\000.\000C\000o\000m\000b\000a\000t\000t\000a\000n\000t}{chapter.3}% 31
\BOOKMARK [2][-]{subsection.3.7.1}{\376\377\000D\000e\000s\000c\000r\000i\000p\000t\000i\000o\000n\000\040\000d\000\351\000t\000a\000i\000l\000l\000\351\000e}{section.3.7}% 32
\BOOKMARK [2][-]{subsection.3.7.2}{\376\377\000D\000o\000c\000u\000m\000e\000n\000t\000a\000t\000i\000o\000n\000\040\000d\000e\000s\000\040\000c\000o\000n\000s\000t\000r\000u\000c\000t\000e\000u\000r\000s\000\040\000e\000t\000\040\000d\000e\000s\000t\000r\000u\000c\000t\000e\000u\000r}{section.3.7}% 33
\BOOKMARK [3][-]{subsubsection.3.7.2.1}{\376\377\000C\000o\000m\000b\000a\000t\000t\000a\000n\000t}{subsection.3.7.2}% 34
\BOOKMARK [3][-]{subsubsection.3.7.2.2}{\376\377\000C\000o\000m\000b\000a\000t\000t\000a\000n\000t}{subsection.3.7.2}% 35
\BOOKMARK [2][-]{subsection.3.7.3}{\376\377\000D\000o\000c\000u\000m\000e\000n\000t\000a\000t\000i\000o\000n\000\040\000d\000e\000s\000\040\000f\000o\000n\000c\000t\000i\000o\000n\000s\000\040\000m\000e\000m\000b\000r\000e\000s}{section.3.7}% 36
\BOOKMARK [3][-]{subsubsection.3.7.3.1}{\376\377\000g\000a\000g\000n\000e\000r}{subsection.3.7.3}% 37
\BOOKMARK [3][-]{subsubsection.3.7.3.2}{\376\377\000g\000e\000t\000A\000r\000g\000e\000n\000t}{subsection.3.7.3}% 38
\BOOKMARK [3][-]{subsubsection.3.7.3.3}{\376\377\000g\000e\000t\000A\000t\000t\000a\000q\000u\000e}{subsection.3.7.3}% 39
\BOOKMARK [3][-]{subsubsection.3.7.3.4}{\376\377\000g\000e\000t\000D\000e\000f\000e\000n\000s\000e}{subsection.3.7.3}% 40
\BOOKMARK [3][-]{subsubsection.3.7.3.5}{\376\377\000g\000e\000t\000L\000i\000s\000t\000e\000E\000q\000u\000i\000p\000e\000m\000e\000n\000t}{subsection.3.7.3}% 41
\BOOKMARK [3][-]{subsubsection.3.7.3.6}{\376\377\000g\000e\000t\000N\000b\000O\000b\000j\000e\000t\000s}{subsection.3.7.3}% 42
\BOOKMARK [3][-]{subsubsection.3.7.3.7}{\376\377\000g\000e\000t\000V\000i\000t\000e\000s\000s\000e}{subsection.3.7.3}% 43
\BOOKMARK [3][-]{subsubsection.3.7.3.8}{\376\377\000m\000a\000j\000D\000u\000r\000e\000e\000E\000q\000u\000i\000p}{subsection.3.7.3}% 44
\BOOKMARK [3][-]{subsubsection.3.7.3.9}{\376\377\000p\000e\000r\000d\000r\000e}{subsection.3.7.3}% 45
\BOOKMARK [3][-]{subsubsection.3.7.3.10}{\376\377\000r\000a\000m\000a\000s\000s\000e\000r}{subsection.3.7.3}% 46
\BOOKMARK [3][-]{subsubsection.3.7.3.11}{\376\377\000s\000e\000t\000A\000r\000g\000e\000n\000t}{subsection.3.7.3}% 47
\BOOKMARK [3][-]{subsubsection.3.7.3.12}{\376\377\000s\000e\000t\000N\000b\000O\000b\000j\000e\000t\000s}{subsection.3.7.3}% 48
\BOOKMARK [1][-]{section.3.8}{\376\377\000R\000\351\000f\000\351\000r\000e\000n\000c\000e\000\040\000d\000e\000\040\000l\000a\000\040\000c\000l\000a\000s\000s\000e\000\040\000c\000o\000n\000t\000r\000o\000l\000e\000.\000C\000o\000n\000s\000o\000l\000e}{chapter.3}% 49
\BOOKMARK [2][-]{subsection.3.8.1}{\376\377\000D\000e\000s\000c\000r\000i\000p\000t\000i\000o\000n\000\040\000d\000\351\000t\000a\000i\000l\000l\000\351\000e}{section.3.8}% 50
\BOOKMARK [2][-]{subsection.3.8.2}{\376\377\000D\000o\000c\000u\000m\000e\000n\000t\000a\000t\000i\000o\000n\000\040\000d\000e\000s\000\040\000c\000o\000n\000s\000t\000r\000u\000c\000t\000e\000u\000r\000s\000\040\000e\000t\000\040\000d\000e\000s\000t\000r\000u\000c\000t\000e\000u\000r}{section.3.8}% 51
\BOOKMARK [3][-]{subsubsection.3.8.2.1}{\376\377\000C\000o\000n\000s\000o\000l\000e}{subsection.3.8.2}% 52
\BOOKMARK [2][-]{subsection.3.8.3}{\376\377\000D\000o\000c\000u\000m\000e\000n\000t\000a\000t\000i\000o\000n\000\040\000d\000e\000s\000\040\000f\000o\000n\000c\000t\000i\000o\000n\000s\000\040\000m\000e\000m\000b\000r\000e\000s}{section.3.8}% 53
\BOOKMARK [3][-]{subsubsection.3.8.3.1}{\376\377\000a\000f\000f\000i\000c\000h\000e\000r}{subsection.3.8.3}% 54
\BOOKMARK [3][-]{subsubsection.3.8.3.2}{\376\377\000a\000j\000o\000u\000t\000e\000r\000C\000o\000n\000n\000u}{subsection.3.8.3}% 55
\BOOKMARK [3][-]{subsubsection.3.8.3.3}{\376\377\000g\000e\000t\000E\000l\000e\000m\000e\000n\000t}{subsection.3.8.3}% 56
\BOOKMARK [3][-]{subsubsection.3.8.3.4}{\376\377\000g\000e\000t\000V\000u\000e\000E\000l\000e\000m\000e\000n\000t}{subsection.3.8.3}% 57
\BOOKMARK [3][-]{subsubsection.3.8.3.5}{\376\377\000p\000a\000r\000l\000e\000r}{subsection.3.8.3}% 58
\BOOKMARK [3][-]{subsubsection.3.8.3.6}{\376\377\000p\000e\000r\000d\000r\000e\000V\000i\000e}{subsection.3.8.3}% 59
\BOOKMARK [3][-]{subsubsection.3.8.3.7}{\376\377\000r\000a\000m\000a\000s\000s\000e\000r\000O\000b\000j\000e\000t}{subsection.3.8.3}% 60
\BOOKMARK [3][-]{subsubsection.3.8.3.8}{\376\377\000r\000u\000n}{subsection.3.8.3}% 61
\BOOKMARK [3][-]{subsubsection.3.8.3.9}{\376\377\000s\000e\000D\000i\000r\000i\000g\000e\000r\000V\000e\000r\000s}{subsection.3.8.3}% 62
\BOOKMARK [3][-]{subsubsection.3.8.3.10}{\376\377\000s\000h\000u\000t\000D\000o\000w\000n}{subsection.3.8.3}% 63
\BOOKMARK [3][-]{subsubsection.3.8.3.11}{\376\377\000u\000p\000d\000a\000t\000e}{subsection.3.8.3}% 64
\BOOKMARK [1][-]{section.3.9}{\376\377\000R\000\351\000f\000\351\000r\000e\000n\000c\000e\000\040\000d\000e\000\040\000l\000a\000\040\000c\000l\000a\000s\000s\000e\000\040\000i\000n\000d\000i\000v\000i\000d\000u\000.\000c\000o\000m\000b\000a\000t\000t\000a\000n\000t\000.\000C\000y\000b\000o\000r\000g}{chapter.3}% 65
\BOOKMARK [2][-]{subsection.3.9.1}{\376\377\000D\000e\000s\000c\000r\000i\000p\000t\000i\000o\000n\000\040\000d\000\351\000t\000a\000i\000l\000l\000\351\000e}{section.3.9}% 66
\BOOKMARK [2][-]{subsection.3.9.2}{\376\377\000D\000o\000c\000u\000m\000e\000n\000t\000a\000t\000i\000o\000n\000\040\000d\000e\000s\000\040\000c\000o\000n\000s\000t\000r\000u\000c\000t\000e\000u\000r\000s\000\040\000e\000t\000\040\000d\000e\000s\000t\000r\000u\000c\000t\000e\000u\000r}{section.3.9}% 67
\BOOKMARK [3][-]{subsubsection.3.9.2.1}{\376\377\000C\000y\000b\000o\000r\000g}{subsection.3.9.2}% 68
\BOOKMARK [1][-]{section.3.10}{\376\377\000R\000\351\000f\000\351\000r\000e\000n\000c\000e\000\040\000d\000e\000\040\000l\000a\000\040\000c\000l\000a\000s\000s\000e\000\040\000i\000n\000t\000e\000r\000a\000c\000t\000i\000o\000n\000.\000D\000u\000e\000l\000B\000a\000s\000i\000c}{chapter.3}% 69
\BOOKMARK [2][-]{subsection.3.10.1}{\376\377\000D\000o\000c\000u\000m\000e\000n\000t\000a\000t\000i\000o\000n\000\040\000d\000e\000s\000\040\000c\000o\000n\000s\000t\000r\000u\000c\000t\000e\000u\000r\000s\000\040\000e\000t\000\040\000d\000e\000s\000t\000r\000u\000c\000t\000e\000u\000r}{section.3.10}% 70
\BOOKMARK [3][-]{subsubsection.3.10.1.1}{\376\377\000D\000u\000e\000l\000B\000a\000s\000i\000c}{subsection.3.10.1}% 71
\BOOKMARK [2][-]{subsection.3.10.2}{\376\377\000D\000o\000c\000u\000m\000e\000n\000t\000a\000t\000i\000o\000n\000\040\000d\000e\000s\000\040\000f\000o\000n\000c\000t\000i\000o\000n\000s\000\040\000m\000e\000m\000b\000r\000e\000s}{section.3.10}% 72
\BOOKMARK [3][-]{subsubsection.3.10.2.1}{\376\377\000g\000e\000t\000R\000e\000f\000A\000t\000t\000a\000q\000u\000a\000n\000t}{subsection.3.10.2}% 73
\BOOKMARK [3][-]{subsubsection.3.10.2.2}{\376\377\000g\000e\000t\000R\000e\000f\000D\000e\000f\000e\000n\000s\000e\000u\000r}{subsection.3.10.2}% 74
\BOOKMARK [3][-]{subsubsection.3.10.2.3}{\376\377\000r\000e\000a\000l\000i\000s\000e\000r\000C\000o\000m\000b\000a\000t}{subsection.3.10.2}% 75
\BOOKMARK [1][-]{section.3.11}{\376\377\000R\000\351\000f\000\351\000r\000e\000n\000c\000e\000\040\000d\000e\000\040\000l\000a\000\040\000c\000l\000a\000s\000s\000e\000\040\000i\000n\000d\000i\000v\000i\000d\000u\000.\000E\000l\000e\000m\000e\000n\000t}{chapter.3}% 76
\BOOKMARK [2][-]{subsection.3.11.1}{\376\377\000D\000e\000s\000c\000r\000i\000p\000t\000i\000o\000n\000\040\000d\000\351\000t\000a\000i\000l\000l\000\351\000e}{section.3.11}% 77
\BOOKMARK [2][-]{subsection.3.11.2}{\376\377\000D\000o\000c\000u\000m\000e\000n\000t\000a\000t\000i\000o\000n\000\040\000d\000e\000s\000\040\000c\000o\000n\000s\000t\000r\000u\000c\000t\000e\000u\000r\000s\000\040\000e\000t\000\040\000d\000e\000s\000t\000r\000u\000c\000t\000e\000u\000r}{section.3.11}% 78
\BOOKMARK [3][-]{subsubsection.3.11.2.1}{\376\377\000E\000l\000e\000m\000e\000n\000t}{subsection.3.11.2}% 79
\BOOKMARK [3][-]{subsubsection.3.11.2.2}{\376\377\000E\000l\000e\000m\000e\000n\000t}{subsection.3.11.2}% 80
\BOOKMARK [2][-]{subsection.3.11.3}{\376\377\000D\000o\000c\000u\000m\000e\000n\000t\000a\000t\000i\000o\000n\000\040\000d\000e\000s\000\040\000f\000o\000n\000c\000t\000i\000o\000n\000s\000\040\000m\000e\000m\000b\000r\000e\000s}{section.3.11}% 81
\BOOKMARK [3][-]{subsubsection.3.11.3.1}{\376\377\000a\000j\000o\000u\000t\000e\000r\000C\000o\000n\000n\000u}{subsection.3.11.3}% 82
\BOOKMARK [3][-]{subsubsection.3.11.3.2}{\376\377\000g\000e\000t\000A\000t\000t\000a\000q\000u\000e}{subsection.3.11.3}% 83
\BOOKMARK [3][-]{subsubsection.3.11.3.3}{\376\377\000g\000e\000t\000D\000e\000f\000e\000n\000s\000e}{subsection.3.11.3}% 84
\BOOKMARK [3][-]{subsubsection.3.11.3.4}{\376\377\000g\000e\000t\000E\000l\000e\000m\000e\000n\000t\000s\000C\000o\000n\000n\000u\000s}{subsection.3.11.3}% 85
\BOOKMARK [3][-]{subsubsection.3.11.3.5}{\376\377\000g\000e\000t\000N\000o\000m}{subsection.3.11.3}% 86
\BOOKMARK [3][-]{subsubsection.3.11.3.6}{\376\377\000g\000e\000t\000V\000i\000e}{subsection.3.11.3}% 87
\BOOKMARK [3][-]{subsubsection.3.11.3.7}{\376\377\000g\000e\000t\000V\000i\000t\000e\000s\000s\000e}{subsection.3.11.3}% 88
\BOOKMARK [3][-]{subsubsection.3.11.3.8}{\376\377\000s\000e\000t\000A\000t\000t\000a\000q\000u\000e}{subsection.3.11.3}% 89
\BOOKMARK [3][-]{subsubsection.3.11.3.9}{\376\377\000s\000e\000t\000D\000e\000f\000e\000n\000s\000e}{subsection.3.11.3}% 90
\BOOKMARK [3][-]{subsubsection.3.11.3.10}{\376\377\000s\000e\000t\000V\000i\000e}{subsection.3.11.3}% 91
\BOOKMARK [3][-]{subsubsection.3.11.3.11}{\376\377\000s\000e\000t\000V\000i\000t\000e\000s\000s\000e}{subsection.3.11.3}% 92
\BOOKMARK [3][-]{subsubsection.3.11.3.12}{\376\377\000t\000o\000S\000t\000r\000i\000n\000g}{subsection.3.11.3}% 93
\BOOKMARK [1][-]{section.3.12}{\376\377\000R\000\351\000f\000\351\000r\000e\000n\000c\000e\000\040\000d\000e\000\040\000l\000a\000\040\000c\000l\000a\000s\000s\000e\000\040\000i\000n\000d\000i\000v\000i\000d\000u\000.\000e\000q\000u\000i\000p\000e\000m\000e\000n\000t\000.\000E\000q\000u\000i\000p\000e\000m\000e\000n\000t}{chapter.3}% 94
\BOOKMARK [1][-]{section.3.13}{\376\377\000R\000\351\000f\000\351\000r\000e\000n\000c\000e\000\040\000d\000e\000\040\000l\000'\000i\000n\000t\000e\000r\000f\000a\000c\000e\000\040\000s\000e\000r\000v\000e\000u\000r\000.\000I\000A\000r\000e\000n\000e}{chapter.3}% 95
\BOOKMARK [2][-]{subsection.3.13.1}{\376\377\000D\000e\000s\000c\000r\000i\000p\000t\000i\000o\000n\000\040\000d\000\351\000t\000a\000i\000l\000l\000\351\000e}{section.3.13}% 96
\BOOKMARK [2][-]{subsection.3.13.2}{\376\377\000D\000o\000c\000u\000m\000e\000n\000t\000a\000t\000i\000o\000n\000\040\000d\000e\000s\000\040\000f\000o\000n\000c\000t\000i\000o\000n\000s\000\040\000m\000e\000m\000b\000r\000e\000s}{section.3.13}% 97
\BOOKMARK [3][-]{subsubsection.3.13.2.1}{\376\377\000a\000l\000l\000o\000c\000a\000t\000e\000R\000e\000f}{subsection.3.13.2}% 98
\BOOKMARK [3][-]{subsubsection.3.13.2.2}{\376\377\000c\000o\000n\000n\000e\000c\000t}{subsection.3.13.2}% 99
\BOOKMARK [3][-]{subsubsection.3.13.2.3}{\376\377\000g\000e\000t\000W\000o\000r\000l\000d}{subsection.3.13.2}% 100
\BOOKMARK [3][-]{subsubsection.3.13.2.4}{\376\377\000i\000n\000t\000e\000r\000a\000c\000t\000i\000o\000n}{subsection.3.13.2}% 101
\BOOKMARK [3][-]{subsubsection.3.13.2.5}{\376\377\000r\000a\000m\000a\000s\000s\000e\000r}{subsection.3.13.2}% 102
\BOOKMARK [3][-]{subsubsection.3.13.2.6}{\376\377\000v\000o\000i\000s\000i\000n\000s}{subsection.3.13.2}% 103
\BOOKMARK [1][-]{section.3.14}{\376\377\000R\000\351\000f\000\351\000r\000e\000n\000c\000e\000\040\000d\000e\000\040\000l\000'\000i\000n\000t\000e\000r\000f\000a\000c\000e\000\040\000i\000n\000d\000i\000v\000i\000d\000u\000.\000c\000o\000m\000b\000a\000t\000t\000a\000n\000t\000.\000I\000C\000o\000m\000b\000a\000t\000t\000a\000n\000t}{chapter.3}% 104
\BOOKMARK [2][-]{subsection.3.14.1}{\376\377\000D\000o\000c\000u\000m\000e\000n\000t\000a\000t\000i\000o\000n\000\040\000d\000e\000s\000\040\000f\000o\000n\000c\000t\000i\000o\000n\000s\000\040\000m\000e\000m\000b\000r\000e\000s}{section.3.14}% 105
\BOOKMARK [3][-]{subsubsection.3.14.1.1}{\376\377\000g\000a\000g\000n\000e\000r}{subsection.3.14.1}% 106
\BOOKMARK [3][-]{subsubsection.3.14.1.2}{\376\377\000g\000e\000t\000A\000r\000g\000e\000n\000t}{subsection.3.14.1}% 107
\BOOKMARK [3][-]{subsubsection.3.14.1.3}{\376\377\000g\000e\000t\000N\000b\000O\000b\000j\000e\000t\000s}{subsection.3.14.1}% 108
\BOOKMARK [3][-]{subsubsection.3.14.1.4}{\376\377\000p\000e\000r\000d\000r\000e}{subsection.3.14.1}% 109
\BOOKMARK [3][-]{subsubsection.3.14.1.5}{\376\377\000r\000a\000m\000a\000s\000s\000e\000r}{subsection.3.14.1}% 110
\BOOKMARK [3][-]{subsubsection.3.14.1.6}{\376\377\000s\000e\000t\000A\000r\000g\000e\000n\000t}{subsection.3.14.1}% 111
\BOOKMARK [3][-]{subsubsection.3.14.1.7}{\376\377\000s\000e\000t\000N\000b\000O\000b\000j\000e\000t\000s}{subsection.3.14.1}% 112
\BOOKMARK [1][-]{section.3.15}{\376\377\000R\000\351\000f\000\351\000r\000e\000n\000c\000e\000\040\000d\000e\000\040\000l\000'\000i\000n\000t\000e\000r\000f\000a\000c\000e\000\040\000c\000o\000n\000t\000r\000o\000l\000e\000.\000I\000C\000o\000n\000s\000o\000l\000e}{chapter.3}% 113
\BOOKMARK [2][-]{subsection.3.15.1}{\376\377\000D\000e\000s\000c\000r\000i\000p\000t\000i\000o\000n\000\040\000d\000\351\000t\000a\000i\000l\000l\000\351\000e}{section.3.15}% 114
\BOOKMARK [2][-]{subsection.3.15.2}{\376\377\000D\000o\000c\000u\000m\000e\000n\000t\000a\000t\000i\000o\000n\000\040\000d\000e\000s\000\040\000f\000o\000n\000c\000t\000i\000o\000n\000s\000\040\000m\000e\000m\000b\000r\000e\000s}{section.3.15}% 115
\BOOKMARK [3][-]{subsubsection.3.15.2.1}{\376\377\000a\000f\000f\000i\000c\000h\000e\000r}{subsection.3.15.2}% 116
\BOOKMARK [3][-]{subsubsection.3.15.2.2}{\376\377\000a\000j\000o\000u\000t\000e\000r\000C\000o\000n\000n\000u}{subsection.3.15.2}% 117
\BOOKMARK [3][-]{subsubsection.3.15.2.3}{\376\377\000g\000e\000t\000E\000l\000e\000m\000e\000n\000t}{subsection.3.15.2}% 118
\BOOKMARK [3][-]{subsubsection.3.15.2.4}{\376\377\000g\000e\000t\000V\000u\000e\000E\000l\000e\000m\000e\000n\000t}{subsection.3.15.2}% 119
\BOOKMARK [3][-]{subsubsection.3.15.2.5}{\376\377\000p\000a\000r\000l\000e\000r}{subsection.3.15.2}% 120
\BOOKMARK [3][-]{subsubsection.3.15.2.6}{\376\377\000p\000e\000r\000d\000r\000e\000V\000i\000e}{subsection.3.15.2}% 121
\BOOKMARK [3][-]{subsubsection.3.15.2.7}{\376\377\000r\000a\000m\000a\000s\000s\000e\000r\000O\000b\000j\000e\000t}{subsection.3.15.2}% 122
\BOOKMARK [3][-]{subsubsection.3.15.2.8}{\376\377\000r\000u\000n}{subsection.3.15.2}% 123
\BOOKMARK [3][-]{subsubsection.3.15.2.9}{\376\377\000s\000h\000u\000t\000D\000o\000w\000n}{subsection.3.15.2}% 124
\BOOKMARK [3][-]{subsubsection.3.15.2.10}{\376\377\000u\000p\000d\000a\000t\000e}{subsection.3.15.2}% 125
\BOOKMARK [1][-]{section.3.16}{\376\377\000R\000\351\000f\000\351\000r\000e\000n\000c\000e\000\040\000d\000e\000\040\000l\000'\000i\000n\000t\000e\000r\000f\000a\000c\000e\000\040\000i\000n\000t\000e\000r\000a\000c\000t\000i\000o\000n\000.\000I\000D\000u\000e\000l}{chapter.3}% 126
\BOOKMARK [2][-]{subsection.3.16.1}{\376\377\000D\000o\000c\000u\000m\000e\000n\000t\000a\000t\000i\000o\000n\000\040\000d\000e\000s\000\040\000f\000o\000n\000c\000t\000i\000o\000n\000s\000\040\000m\000e\000m\000b\000r\000e\000s}{section.3.16}% 127
\BOOKMARK [3][-]{subsubsection.3.16.1.1}{\376\377\000g\000e\000t\000R\000e\000f\000A\000t\000t\000a\000q\000u\000a\000n\000t}{subsection.3.16.1}% 128
\BOOKMARK [3][-]{subsubsection.3.16.1.2}{\376\377\000g\000e\000t\000R\000e\000f\000D\000e\000f\000e\000n\000s\000e\000u\000r}{subsection.3.16.1}% 129
\BOOKMARK [3][-]{subsubsection.3.16.1.3}{\376\377\000r\000e\000a\000l\000i\000s\000e\000r\000C\000o\000m\000b\000a\000t}{subsection.3.16.1}% 130
\BOOKMARK [1][-]{section.3.17}{\376\377\000R\000\351\000f\000\351\000r\000e\000n\000c\000e\000\040\000d\000e\000\040\000l\000'\000i\000n\000t\000e\000r\000f\000a\000c\000e\000\040\000i\000n\000d\000i\000v\000i\000d\000u\000.\000I\000E\000l\000e\000m\000e\000n\000t}{chapter.3}% 131
\BOOKMARK [2][-]{subsection.3.17.1}{\376\377\000D\000e\000s\000c\000r\000i\000p\000t\000i\000o\000n\000\040\000d\000\351\000t\000a\000i\000l\000l\000\351\000e}{section.3.17}% 132
\BOOKMARK [2][-]{subsection.3.17.2}{\376\377\000D\000o\000c\000u\000m\000e\000n\000t\000a\000t\000i\000o\000n\000\040\000d\000e\000s\000\040\000f\000o\000n\000c\000t\000i\000o\000n\000s\000\040\000m\000e\000m\000b\000r\000e\000s}{section.3.17}% 133
\BOOKMARK [3][-]{subsubsection.3.17.2.1}{\376\377\000a\000j\000o\000u\000t\000e\000r\000C\000o\000n\000n\000u}{subsection.3.17.2}% 134
\BOOKMARK [3][-]{subsubsection.3.17.2.2}{\376\377\000g\000e\000t\000A\000t\000t\000a\000q\000u\000e}{subsection.3.17.2}% 135
\BOOKMARK [3][-]{subsubsection.3.17.2.3}{\376\377\000g\000e\000t\000D\000e\000f\000e\000n\000s\000e}{subsection.3.17.2}% 136
\BOOKMARK [3][-]{subsubsection.3.17.2.4}{\376\377\000g\000e\000t\000E\000l\000e\000m\000e\000n\000t\000s\000C\000o\000n\000n\000u\000s}{subsection.3.17.2}% 137
\BOOKMARK [3][-]{subsubsection.3.17.2.5}{\376\377\000g\000e\000t\000N\000o\000m}{subsection.3.17.2}% 138
\BOOKMARK [3][-]{subsubsection.3.17.2.6}{\376\377\000g\000e\000t\000V\000i\000e}{subsection.3.17.2}% 139
\BOOKMARK [3][-]{subsubsection.3.17.2.7}{\376\377\000g\000e\000t\000V\000i\000t\000e\000s\000s\000e}{subsection.3.17.2}% 140
\BOOKMARK [3][-]{subsubsection.3.17.2.8}{\376\377\000s\000e\000t\000A\000t\000t\000a\000q\000u\000e}{subsection.3.17.2}% 141
\BOOKMARK [3][-]{subsubsection.3.17.2.9}{\376\377\000s\000e\000t\000D\000e\000f\000e\000n\000s\000e}{subsection.3.17.2}% 142
\BOOKMARK [3][-]{subsubsection.3.17.2.10}{\376\377\000s\000e\000t\000V\000i\000e}{subsection.3.17.2}% 143
\BOOKMARK [3][-]{subsubsection.3.17.2.11}{\376\377\000s\000e\000t\000V\000i\000t\000e\000s\000s\000e}{subsection.3.17.2}% 144
\BOOKMARK [3][-]{subsubsection.3.17.2.12}{\376\377\000t\000o\000S\000t\000r\000i\000n\000g}{subsection.3.17.2}% 145
\BOOKMARK [1][-]{section.3.18}{\376\377\000R\000\351\000f\000\351\000r\000e\000n\000c\000e\000\040\000d\000e\000\040\000l\000a\000\040\000c\000l\000a\000s\000s\000e\000\040\000i\000n\000t\000e\000r\000f\000a\000c\000e\000G\000r\000a\000p\000h\000i\000q\000u\000e\000.\000I\000H\000M}{chapter.3}% 146
\BOOKMARK [2][-]{subsection.3.18.1}{\376\377\000D\000o\000c\000u\000m\000e\000n\000t\000a\000t\000i\000o\000n\000\040\000d\000e\000s\000\040\000f\000o\000n\000c\000t\000i\000o\000n\000s\000\040\000m\000e\000m\000b\000r\000e\000s}{section.3.18}% 147
\BOOKMARK [3][-]{subsubsection.3.18.1.1}{\376\377\000c\000o\000n\000n\000e\000c\000t}{subsection.3.18.1}% 148
\BOOKMARK [1][-]{section.3.19}{\376\377\000R\000\351\000f\000\351\000r\000e\000n\000c\000e\000\040\000d\000e\000\040\000l\000a\000\040\000c\000l\000a\000s\000s\000e\000\040\000i\000n\000d\000i\000v\000i\000d\000u\000.\000c\000o\000m\000b\000a\000t\000t\000a\000n\000t\000.\000L\000i\000s\000t\000e\000E\000q\000u\000i\000p\000e\000m\000e\000n\000t\000s}{chapter.3}% 149
\BOOKMARK [2][-]{subsection.3.19.1}{\376\377\000D\000e\000s\000c\000r\000i\000p\000t\000i\000o\000n\000\040\000d\000\351\000t\000a\000i\000l\000l\000\351\000e}{section.3.19}% 150
\BOOKMARK [1][-]{section.3.20}{\376\377\000R\000\351\000f\000\351\000r\000e\000n\000c\000e\000\040\000d\000e\000\040\000l\000a\000\040\000c\000l\000a\000s\000s\000e\000\040\000i\000n\000d\000i\000v\000i\000d\000u\000.\000c\000o\000m\000b\000a\000t\000t\000a\000n\000t\000.\000M\000a\000s\000c\000o\000t\000t\000e}{chapter.3}% 151
\BOOKMARK [2][-]{subsection.3.20.1}{\376\377\000D\000e\000s\000c\000r\000i\000p\000t\000i\000o\000n\000\040\000d\000\351\000t\000a\000i\000l\000l\000\351\000e}{section.3.20}% 152
\BOOKMARK [2][-]{subsection.3.20.2}{\376\377\000D\000o\000c\000u\000m\000e\000n\000t\000a\000t\000i\000o\000n\000\040\000d\000e\000s\000\040\000c\000o\000n\000s\000t\000r\000u\000c\000t\000e\000u\000r\000s\000\040\000e\000t\000\040\000d\000e\000s\000t\000r\000u\000c\000t\000e\000u\000r}{section.3.20}% 153
\BOOKMARK [3][-]{subsubsection.3.20.2.1}{\376\377\000M\000a\000s\000c\000o\000t\000t\000e}{subsection.3.20.2}% 154
\BOOKMARK [1][-]{section.3.21}{\376\377\000R\000\351\000f\000\351\000r\000e\000n\000c\000e\000\040\000d\000e\000\040\000l\000a\000\040\000c\000l\000a\000s\000s\000e\000\040\000i\000n\000d\000i\000v\000i\000d\000u\000.\000e\000q\000u\000i\000p\000e\000m\000e\000n\000t\000.\000P\000l\000a\000s\000t\000r\000o\000n}{chapter.3}% 155
\BOOKMARK [1][-]{section.3.22}{\376\377\000R\000\351\000f\000\351\000r\000e\000n\000c\000e\000\040\000d\000e\000\040\000l\000a\000\040\000c\000l\000a\000s\000s\000e\000\040\000i\000n\000t\000e\000r\000f\000a\000c\000e\000G\000r\000a\000p\000h\000i\000q\000u\000e\000.\000P\000o\000i\000n\000t\000C\000o\000m\000p}{chapter.3}% 156
\BOOKMARK [2][-]{subsection.3.22.1}{\376\377\000D\000o\000c\000u\000m\000e\000n\000t\000a\000t\000i\000o\000n\000\040\000d\000e\000s\000\040\000c\000o\000n\000s\000t\000r\000u\000c\000t\000e\000u\000r\000s\000\040\000e\000t\000\040\000d\000e\000s\000t\000r\000u\000c\000t\000e\000u\000r}{section.3.22}% 157
\BOOKMARK [3][-]{subsubsection.3.22.1.1}{\376\377\000P\000o\000i\000n\000t\000C\000o\000m\000p}{subsection.3.22.1}% 158
\BOOKMARK [3][-]{subsubsection.3.22.1.2}{\376\377\000P\000o\000i\000n\000t\000C\000o\000m\000p}{subsection.3.22.1}% 159
\BOOKMARK [2][-]{subsection.3.22.2}{\376\377\000D\000o\000c\000u\000m\000e\000n\000t\000a\000t\000i\000o\000n\000\040\000d\000e\000s\000\040\000f\000o\000n\000c\000t\000i\000o\000n\000s\000\040\000m\000e\000m\000b\000r\000e\000s}{section.3.22}% 160
\BOOKMARK [3][-]{subsubsection.3.22.2.1}{\376\377\000c\000o\000m\000p\000a\000r\000e}{subsection.3.22.2}% 161
\BOOKMARK [1][-]{section.3.23}{\376\377\000R\000\351\000f\000\351\000r\000e\000n\000c\000e\000\040\000d\000e\000\040\000l\000a\000\040\000c\000l\000a\000s\000s\000e\000\040\000i\000n\000d\000i\000v\000i\000d\000u\000.\000e\000q\000u\000i\000p\000e\000m\000e\000n\000t\000.\000S\000a\000b\000r\000e}{chapter.3}% 162
\BOOKMARK [1][-]{section.3.24}{\376\377\000R\000\351\000f\000\351\000r\000e\000n\000c\000e\000\040\000d\000e\000\040\000l\000a\000\040\000c\000l\000a\000s\000s\000e\000\040\000i\000n\000d\000i\000v\000i\000d\000u\000.\000c\000o\000m\000b\000a\000t\000t\000a\000n\000t\000.\000S\000p\000a\000d\000a\000s\000s\000i\000n}{chapter.3}% 163
\BOOKMARK [2][-]{subsection.3.24.1}{\376\377\000D\000e\000s\000c\000r\000i\000p\000t\000i\000o\000n\000\040\000d\000\351\000t\000a\000i\000l\000l\000\351\000e}{section.3.24}% 164
\BOOKMARK [2][-]{subsection.3.24.2}{\376\377\000D\000o\000c\000u\000m\000e\000n\000t\000a\000t\000i\000o\000n\000\040\000d\000e\000s\000\040\000c\000o\000n\000s\000t\000r\000u\000c\000t\000e\000u\000r\000s\000\040\000e\000t\000\040\000d\000e\000s\000t\000r\000u\000c\000t\000e\000u\000r}{section.3.24}% 165
\BOOKMARK [3][-]{subsubsection.3.24.2.1}{\376\377\000S\000p\000a\000d\000a\000s\000s\000i\000n}{subsection.3.24.2}% 166
\BOOKMARK [1][-]{section.3.25}{\376\377\000R\000\351\000f\000\351\000r\000e\000n\000c\000e\000\040\000d\000e\000\040\000l\000a\000\040\000c\000l\000a\000s\000s\000e\000\040\000c\000o\000n\000t\000r\000o\000l\000e\000.\000S\000t\000r\000a\000t\000e\000g\000i\000e}{chapter.3}% 167
\BOOKMARK [2][-]{subsection.3.25.1}{\376\377\000D\000o\000c\000u\000m\000e\000n\000t\000a\000t\000i\000o\000n\000\040\000d\000e\000s\000\040\000f\000o\000n\000c\000t\000i\000o\000n\000s\000\040\000m\000e\000m\000b\000r\000e\000s}{section.3.25}% 168
\BOOKMARK [3][-]{subsubsection.3.25.1.1}{\376\377\000c\000h\000e\000r\000c\000h\000e\000r\000E\000l\000e\000m\000e\000n\000t\000P\000r\000o\000c\000h\000e}{subsection.3.25.1}% 169
\BOOKMARK [1][-]{section.3.26}{\376\377\000R\000\351\000f\000\351\000r\000e\000n\000c\000e\000\040\000d\000e\000\040\000l\000a\000\040\000c\000l\000a\000s\000s\000e\000\040\000T\000e\000s\000t\000C\000o\000n\000s\000o\000l\000e}{chapter.3}% 170
\BOOKMARK [2][-]{subsection.3.26.1}{\376\377\000D\000e\000s\000c\000r\000i\000p\000t\000i\000o\000n\000\040\000d\000\351\000t\000a\000i\000l\000l\000\351\000e}{section.3.26}% 171
\BOOKMARK [2][-]{subsection.3.26.2}{\376\377\000D\000o\000c\000u\000m\000e\000n\000t\000a\000t\000i\000o\000n\000\040\000d\000e\000s\000\040\000f\000o\000n\000c\000t\000i\000o\000n\000s\000\040\000m\000e\000m\000b\000r\000e\000s}{section.3.26}% 172
\BOOKMARK [3][-]{subsubsection.3.26.2.1}{\376\377\000m\000a\000i\000n}{subsection.3.26.2}% 173
\BOOKMARK [1][-]{section.3.27}{\376\377\000R\000\351\000f\000\351\000r\000e\000n\000c\000e\000\040\000d\000e\000\040\000l\000a\000\040\000c\000l\000a\000s\000s\000e\000\040\000T\000e\000s\000t\000C\000o\000n\000s\000o\000l\000e\000B\000a\000r\000d\000e}{chapter.3}% 174
\BOOKMARK [2][-]{subsection.3.27.1}{\376\377\000D\000e\000s\000c\000r\000i\000p\000t\000i\000o\000n\000\040\000d\000\351\000t\000a\000i\000l\000l\000\351\000e}{section.3.27}% 175
\BOOKMARK [2][-]{subsection.3.27.2}{\376\377\000D\000o\000c\000u\000m\000e\000n\000t\000a\000t\000i\000o\000n\000\040\000d\000e\000s\000\040\000f\000o\000n\000c\000t\000i\000o\000n\000s\000\040\000m\000e\000m\000b\000r\000e\000s}{section.3.27}% 176
\BOOKMARK [3][-]{subsubsection.3.27.2.1}{\376\377\000m\000a\000i\000n}{subsection.3.27.2}% 177
\BOOKMARK [1][-]{section.3.28}{\376\377\000R\000\351\000f\000\351\000r\000e\000n\000c\000e\000\040\000d\000e\000\040\000l\000a\000\040\000c\000l\000a\000s\000s\000e\000\040\000T\000e\000s\000t\000C\000o\000n\000s\000o\000l\000e\000B\000o\000t\000t\000e\000s}{chapter.3}% 178
\BOOKMARK [2][-]{subsection.3.28.1}{\376\377\000D\000e\000s\000c\000r\000i\000p\000t\000i\000o\000n\000\040\000d\000\351\000t\000a\000i\000l\000l\000\351\000e}{section.3.28}% 179
\BOOKMARK [2][-]{subsection.3.28.2}{\376\377\000D\000o\000c\000u\000m\000e\000n\000t\000a\000t\000i\000o\000n\000\040\000d\000e\000s\000\040\000f\000o\000n\000c\000t\000i\000o\000n\000s\000\040\000m\000e\000m\000b\000r\000e\000s}{section.3.28}% 180
\BOOKMARK [3][-]{subsubsection.3.28.2.1}{\376\377\000m\000a\000i\000n}{subsection.3.28.2}% 181
\BOOKMARK [1][-]{section.3.29}{\376\377\000R\000\351\000f\000\351\000r\000e\000n\000c\000e\000\040\000d\000e\000\040\000l\000a\000\040\000c\000l\000a\000s\000s\000e\000\040\000T\000e\000s\000t\000C\000o\000n\000s\000o\000l\000e\000C\000a\000n\000n\000e}{chapter.3}% 182
\BOOKMARK [2][-]{subsection.3.29.1}{\376\377\000D\000e\000s\000c\000r\000i\000p\000t\000i\000o\000n\000\040\000d\000\351\000t\000a\000i\000l\000l\000\351\000e}{section.3.29}% 183
\BOOKMARK [2][-]{subsection.3.29.2}{\376\377\000D\000o\000c\000u\000m\000e\000n\000t\000a\000t\000i\000o\000n\000\040\000d\000e\000s\000\040\000f\000o\000n\000c\000t\000i\000o\000n\000s\000\040\000m\000e\000m\000b\000r\000e\000s}{section.3.29}% 184
\BOOKMARK [3][-]{subsubsection.3.29.2.1}{\376\377\000m\000a\000i\000n}{subsection.3.29.2}% 185
\BOOKMARK [1][-]{section.3.30}{\376\377\000R\000\351\000f\000\351\000r\000e\000n\000c\000e\000\040\000d\000e\000\040\000l\000a\000\040\000c\000l\000a\000s\000s\000e\000\040\000T\000e\000s\000t\000C\000o\000n\000s\000o\000l\000e\000C\000a\000p\000i\000t\000a\000i\000n\000e}{chapter.3}% 186
\BOOKMARK [2][-]{subsection.3.30.1}{\376\377\000D\000e\000s\000c\000r\000i\000p\000t\000i\000o\000n\000\040\000d\000\351\000t\000a\000i\000l\000l\000\351\000e}{section.3.30}% 187
\BOOKMARK [2][-]{subsection.3.30.2}{\376\377\000D\000o\000c\000u\000m\000e\000n\000t\000a\000t\000i\000o\000n\000\040\000d\000e\000s\000\040\000f\000o\000n\000c\000t\000i\000o\000n\000s\000\040\000m\000e\000m\000b\000r\000e\000s}{section.3.30}% 188
\BOOKMARK [3][-]{subsubsection.3.30.2.1}{\376\377\000m\000a\000i\000n}{subsection.3.30.2}% 189
\BOOKMARK [1][-]{section.3.31}{\376\377\000R\000\351\000f\000\351\000r\000e\000n\000c\000e\000\040\000d\000e\000\040\000l\000a\000\040\000c\000l\000a\000s\000s\000e\000\040\000T\000e\000s\000t\000C\000o\000n\000s\000o\000l\000e\000C\000h\000a\000p\000D\000e\000P\000a\000i\000l\000l\000e}{chapter.3}% 190
\BOOKMARK [2][-]{subsection.3.31.1}{\376\377\000D\000e\000s\000c\000r\000i\000p\000t\000i\000o\000n\000\040\000d\000\351\000t\000a\000i\000l\000l\000\351\000e}{section.3.31}% 191
\BOOKMARK [2][-]{subsection.3.31.2}{\376\377\000D\000o\000c\000u\000m\000e\000n\000t\000a\000t\000i\000o\000n\000\040\000d\000e\000s\000\040\000f\000o\000n\000c\000t\000i\000o\000n\000s\000\040\000m\000e\000m\000b\000r\000e\000s}{section.3.31}% 192
\BOOKMARK [3][-]{subsubsection.3.31.2.1}{\376\377\000m\000a\000i\000n}{subsection.3.31.2}% 193
\BOOKMARK [1][-]{section.3.32}{\376\377\000R\000\351\000f\000\351\000r\000e\000n\000c\000e\000\040\000d\000e\000\040\000l\000a\000\040\000c\000l\000a\000s\000s\000e\000\040\000T\000e\000s\000t\000C\000o\000n\000s\000o\000l\000e\000C\000y\000b\000o\000r\000g}{chapter.3}% 194
\BOOKMARK [2][-]{subsection.3.32.1}{\376\377\000D\000e\000s\000c\000r\000i\000p\000t\000i\000o\000n\000\040\000d\000\351\000t\000a\000i\000l\000l\000\351\000e}{section.3.32}% 195
\BOOKMARK [2][-]{subsection.3.32.2}{\376\377\000D\000o\000c\000u\000m\000e\000n\000t\000a\000t\000i\000o\000n\000\040\000d\000e\000s\000\040\000f\000o\000n\000c\000t\000i\000o\000n\000s\000\040\000m\000e\000m\000b\000r\000e\000s}{section.3.32}% 196
\BOOKMARK [3][-]{subsubsection.3.32.2.1}{\376\377\000m\000a\000i\000n}{subsection.3.32.2}% 197
\BOOKMARK [1][-]{section.3.33}{\376\377\000R\000\351\000f\000\351\000r\000e\000n\000c\000e\000\040\000d\000e\000\040\000l\000a\000\040\000c\000l\000a\000s\000s\000e\000\040\000T\000e\000s\000t\000C\000o\000n\000s\000o\000l\000e\000M\000a\000s\000c\000o\000t\000t\000e}{chapter.3}% 198
\BOOKMARK [2][-]{subsection.3.33.1}{\376\377\000D\000e\000s\000c\000r\000i\000p\000t\000i\000o\000n\000\040\000d\000\351\000t\000a\000i\000l\000l\000\351\000e}{section.3.33}% 199
\BOOKMARK [2][-]{subsection.3.33.2}{\376\377\000D\000o\000c\000u\000m\000e\000n\000t\000a\000t\000i\000o\000n\000\040\000d\000e\000s\000\040\000f\000o\000n\000c\000t\000i\000o\000n\000s\000\040\000m\000e\000m\000b\000r\000e\000s}{section.3.33}% 200
\BOOKMARK [3][-]{subsubsection.3.33.2.1}{\376\377\000m\000a\000i\000n}{subsection.3.33.2}% 201
\BOOKMARK [1][-]{section.3.34}{\376\377\000R\000\351\000f\000\351\000r\000e\000n\000c\000e\000\040\000d\000e\000\040\000l\000a\000\040\000c\000l\000a\000s\000s\000e\000\040\000T\000e\000s\000t\000C\000o\000n\000s\000o\000l\000e\000P\000l\000a\000s\000t\000r\000o\000n}{chapter.3}% 202
\BOOKMARK [2][-]{subsection.3.34.1}{\376\377\000D\000e\000s\000c\000r\000i\000p\000t\000i\000o\000n\000\040\000d\000\351\000t\000a\000i\000l\000l\000\351\000e}{section.3.34}% 203
\BOOKMARK [2][-]{subsection.3.34.2}{\376\377\000D\000o\000c\000u\000m\000e\000n\000t\000a\000t\000i\000o\000n\000\040\000d\000e\000s\000\040\000f\000o\000n\000c\000t\000i\000o\000n\000s\000\040\000m\000e\000m\000b\000r\000e\000s}{section.3.34}% 204
\BOOKMARK [3][-]{subsubsection.3.34.2.1}{\376\377\000m\000a\000i\000n}{subsection.3.34.2}% 205
\BOOKMARK [1][-]{section.3.35}{\376\377\000R\000\351\000f\000\351\000r\000e\000n\000c\000e\000\040\000d\000e\000\040\000l\000a\000\040\000c\000l\000a\000s\000s\000e\000\040\000T\000e\000s\000t\000C\000o\000n\000s\000o\000l\000e\000S\000a\000b\000r\000e}{chapter.3}% 206
\BOOKMARK [2][-]{subsection.3.35.1}{\376\377\000D\000e\000s\000c\000r\000i\000p\000t\000i\000o\000n\000\040\000d\000\351\000t\000a\000i\000l\000l\000\351\000e}{section.3.35}% 207
\BOOKMARK [2][-]{subsection.3.35.2}{\376\377\000D\000o\000c\000u\000m\000e\000n\000t\000a\000t\000i\000o\000n\000\040\000d\000e\000s\000\040\000f\000o\000n\000c\000t\000i\000o\000n\000s\000\040\000m\000e\000m\000b\000r\000e\000s}{section.3.35}% 208
\BOOKMARK [3][-]{subsubsection.3.35.2.1}{\376\377\000m\000a\000i\000n}{subsection.3.35.2}% 209
\BOOKMARK [1][-]{section.3.36}{\376\377\000R\000\351\000f\000\351\000r\000e\000n\000c\000e\000\040\000d\000e\000\040\000l\000a\000\040\000c\000l\000a\000s\000s\000e\000\040\000T\000e\000s\000t\000C\000o\000n\000s\000o\000l\000e\000S\000p\000a\000d\000a\000s\000s\000i\000n}{chapter.3}% 210
\BOOKMARK [2][-]{subsection.3.36.1}{\376\377\000D\000e\000s\000c\000r\000i\000p\000t\000i\000o\000n\000\040\000d\000\351\000t\000a\000i\000l\000l\000\351\000e}{section.3.36}% 211
\BOOKMARK [2][-]{subsection.3.36.2}{\376\377\000D\000o\000c\000u\000m\000e\000n\000t\000a\000t\000i\000o\000n\000\040\000d\000e\000s\000\040\000f\000o\000n\000c\000t\000i\000o\000n\000s\000\040\000m\000e\000m\000b\000r\000e\000s}{section.3.36}% 212
\BOOKMARK [3][-]{subsubsection.3.36.2.1}{\376\377\000m\000a\000i\000n}{subsection.3.36.2}% 213
\BOOKMARK [1][-]{section.3.37}{\376\377\000R\000\351\000f\000\351\000r\000e\000n\000c\000e\000\040\000d\000e\000\040\000l\000a\000\040\000c\000l\000a\000s\000s\000e\000\040\000T\000e\000s\000t\000I\000H\000M}{chapter.3}% 214
\BOOKMARK [2][-]{subsection.3.37.1}{\376\377\000D\000e\000s\000c\000r\000i\000p\000t\000i\000o\000n\000\040\000d\000\351\000t\000a\000i\000l\000l\000\351\000e}{section.3.37}% 215
\BOOKMARK [2][-]{subsection.3.37.2}{\376\377\000D\000o\000c\000u\000m\000e\000n\000t\000a\000t\000i\000o\000n\000\040\000d\000e\000s\000\040\000f\000o\000n\000c\000t\000i\000o\000n\000s\000\040\000m\000e\000m\000b\000r\000e\000s}{section.3.37}% 216
\BOOKMARK [3][-]{subsubsection.3.37.2.1}{\376\377\000m\000a\000i\000n}{subsection.3.37.2}% 217
\BOOKMARK [1][-]{section.3.38}{\376\377\000R\000\351\000f\000\351\000r\000e\000n\000c\000e\000\040\000d\000e\000\040\000l\000a\000\040\000c\000l\000a\000s\000s\000e\000\040\000T\000e\000s\000t\000S\000e\000r\000v\000e\000u\000r}{chapter.3}% 218
\BOOKMARK [2][-]{subsection.3.38.1}{\376\377\000D\000e\000s\000c\000r\000i\000p\000t\000i\000o\000n\000\040\000d\000\351\000t\000a\000i\000l\000l\000\351\000e}{section.3.38}% 219
\BOOKMARK [2][-]{subsection.3.38.2}{\376\377\000D\000o\000c\000u\000m\000e\000n\000t\000a\000t\000i\000o\000n\000\040\000d\000e\000s\000\040\000f\000o\000n\000c\000t\000i\000o\000n\000s\000\040\000m\000e\000m\000b\000r\000e\000s}{section.3.38}% 220
\BOOKMARK [3][-]{subsubsection.3.38.2.1}{\376\377\000m\000a\000i\000n}{subsection.3.38.2}% 221
\BOOKMARK [1][-]{section.3.39}{\376\377\000R\000\351\000f\000\351\000r\000e\000n\000c\000e\000\040\000d\000e\000\040\000l\000a\000\040\000c\000l\000a\000s\000s\000e\000\040\000s\000e\000r\000v\000e\000u\000r\000.\000A\000r\000e\000n\000e\000.\000T\000i\000m\000e\000o\000u\000t\000O\000p}{chapter.3}% 222
\BOOKMARK [2][-]{subsection.3.39.1}{\376\377\000D\000e\000s\000c\000r\000i\000p\000t\000i\000o\000n\000\040\000d\000\351\000t\000a\000i\000l\000l\000\351\000e}{section.3.39}% 223
\BOOKMARK [1][-]{section.3.40}{\376\377\000R\000\351\000f\000\351\000r\000e\000n\000c\000e\000\040\000d\000e\000\040\000l\000a\000\040\000c\000l\000a\000s\000s\000e\000\040\000u\000t\000i\000l\000i\000t\000a\000i\000r\000e\000s\000.\000U\000t\000i\000l\000i\000t\000a\000i\000r\000e\000C\000o\000n\000s\000o\000l\000e}{chapter.3}% 224
\BOOKMARK [2][-]{subsection.3.40.1}{\376\377\000D\000o\000c\000u\000m\000e\000n\000t\000a\000t\000i\000o\000n\000\040\000d\000e\000s\000\040\000f\000o\000n\000c\000t\000i\000o\000n\000s\000\040\000m\000e\000m\000b\000r\000e\000s}{section.3.40}% 225
\BOOKMARK [3][-]{subsubsection.3.40.1.1}{\376\377\000c\000a\000s\000e\000V\000i\000d\000e}{subsection.3.40.1}% 226
\BOOKMARK [3][-]{subsubsection.3.40.1.2}{\376\377\000d\000i\000s\000t\000a\000n\000c\000e\000C\000h\000e\000b\000y\000s\000h\000e\000v}{subsection.3.40.1}% 227
\BOOKMARK [3][-]{subsubsection.3.40.1.3}{\376\377\000m\000e\000i\000l\000l\000e\000u\000r\000P\000o\000i\000n\000t}{subsection.3.40.1}% 228
\BOOKMARK [1][-]{section.3.41}{\376\377\000R\000\351\000f\000\351\000r\000e\000n\000c\000e\000\040\000d\000e\000\040\000l\000a\000\040\000c\000l\000a\000s\000s\000e\000\040\000i\000n\000t\000e\000r\000f\000a\000c\000e\000G\000r\000a\000p\000h\000i\000q\000u\000e\000.\000V\000u\000e\000E\000l\000e\000m\000e\000n\000t}{chapter.3}% 229
\BOOKMARK [2][-]{subsection.3.41.1}{\376\377\000D\000o\000c\000u\000m\000e\000n\000t\000a\000t\000i\000o\000n\000\040\000d\000e\000s\000\040\000c\000o\000n\000s\000t\000r\000u\000c\000t\000e\000u\000r\000s\000\040\000e\000t\000\040\000d\000e\000s\000t\000r\000u\000c\000t\000e\000u\000r}{section.3.41}% 230
\BOOKMARK [3][-]{subsubsection.3.41.1.1}{\376\377\000V\000u\000e\000E\000l\000e\000m\000e\000n\000t}{subsection.3.41.1}% 231
\BOOKMARK [3][-]{subsubsection.3.41.1.2}{\376\377\000V\000u\000e\000E\000l\000e\000m\000e\000n\000t}{subsection.3.41.1}% 232
\BOOKMARK [2][-]{subsection.3.41.2}{\376\377\000D\000o\000c\000u\000m\000e\000n\000t\000a\000t\000i\000o\000n\000\040\000d\000e\000s\000\040\000f\000o\000n\000c\000t\000i\000o\000n\000s\000\040\000m\000e\000m\000b\000r\000e\000s}{section.3.41}% 233
\BOOKMARK [3][-]{subsubsection.3.41.2.1}{\376\377\000a\000f\000f\000i\000c\000h\000e\000r}{subsection.3.41.2}% 234
\BOOKMARK [3][-]{subsubsection.3.41.2.2}{\376\377\000c\000l\000o\000n\000e}{subsection.3.41.2}% 235
\BOOKMARK [3][-]{subsubsection.3.41.2.3}{\376\377\000d\000e\000c\000r\000T\000T\000L}{subsection.3.41.2}% 236
\BOOKMARK [3][-]{subsubsection.3.41.2.4}{\376\377\000g\000e\000t\000C\000o\000n\000t\000r\000o\000l\000e\000u\000r}{subsection.3.41.2}% 237
\BOOKMARK [3][-]{subsubsection.3.41.2.5}{\376\377\000g\000e\000t\000P\000h\000r\000a\000s\000e}{subsection.3.41.2}% 238
\BOOKMARK [3][-]{subsubsection.3.41.2.6}{\376\377\000g\000e\000t\000P\000o\000i\000n\000t}{subsection.3.41.2}% 239
\BOOKMARK [3][-]{subsubsection.3.41.2.7}{\376\377\000g\000e\000t\000R\000e\000f}{subsection.3.41.2}% 240
\BOOKMARK [3][-]{subsubsection.3.41.2.8}{\376\377\000g\000e\000t\000T\000T\000L}{subsection.3.41.2}% 241
\BOOKMARK [3][-]{subsubsection.3.41.2.9}{\376\377\000s\000e\000t\000P\000h\000r\000a\000s\000e}{subsection.3.41.2}% 242
\BOOKMARK [3][-]{subsubsection.3.41.2.10}{\376\377\000s\000e\000t\000P\000o\000i\000n\000t}{subsection.3.41.2}% 243
\BOOKMARK [3][-]{subsubsection.3.41.2.11}{\376\377\000s\000e\000t\000T\000T\000L}{subsection.3.41.2}% 244
