\BOOKMARK [0][-]{chapter.1}{\376\377\000C\000l\000a\000s\000s\000\040\000I\000n\000d\000e\000x}{}% 1
\BOOKMARK [1][-]{section.1.1}{\376\377\000C\000l\000a\000s\000s\000\040\000H\000i\000e\000r\000a\000r\000c\000h\000y}{chapter.1}% 2
\BOOKMARK [0][-]{chapter.2}{\376\377\000C\000l\000a\000s\000s\000\040\000I\000n\000d\000e\000x}{}% 3
\BOOKMARK [1][-]{section.2.1}{\376\377\000C\000l\000a\000s\000s\000\040\000L\000i\000s\000t}{chapter.2}% 4
\BOOKMARK [0][-]{chapter.3}{\376\377\000C\000l\000a\000s\000s\000\040\000D\000o\000c\000u\000m\000e\000n\000t\000a\000t\000i\000o\000n}{}% 5
\BOOKMARK [1][-]{section.3.1}{\376\377\000s\000e\000r\000v\000e\000u\000r\000.\000A\000r\000e\000n\000e\000\040\000C\000l\000a\000s\000s\000\040\000R\000e\000f\000e\000r\000e\000n\000c\000e}{chapter.3}% 6
\BOOKMARK [2][-]{subsection.3.1.1}{\376\377\000D\000e\000t\000a\000i\000l\000e\000d\000\040\000D\000e\000s\000c\000r\000i\000p\000t\000i\000o\000n}{section.3.1}% 7
\BOOKMARK [2][-]{subsection.3.1.2}{\376\377\000C\000o\000n\000s\000t\000r\000u\000c\000t\000o\000r\000\040\000\046\000\040\000D\000e\000s\000t\000r\000u\000c\000t\000o\000r\000\040\000D\000o\000c\000u\000m\000e\000n\000t\000a\000t\000i\000o\000n}{section.3.1}% 8
\BOOKMARK [3][-]{subsubsection.3.1.2.1}{\376\377\000A\000r\000e\000n\000e}{subsection.3.1.2}% 9
\BOOKMARK [2][-]{subsection.3.1.3}{\376\377\000M\000e\000m\000b\000e\000r\000\040\000F\000u\000n\000c\000t\000i\000o\000n\000\040\000D\000o\000c\000u\000m\000e\000n\000t\000a\000t\000i\000o\000n}{section.3.1}% 10
\BOOKMARK [3][-]{subsubsection.3.1.3.1}{\376\377\000a\000l\000l\000o\000c\000a\000t\000e\000R\000e\000f}{subsection.3.1.3}% 11
\BOOKMARK [3][-]{subsubsection.3.1.3.2}{\376\377\000c\000o\000n\000n\000e\000c\000t}{subsection.3.1.3}% 12
\BOOKMARK [3][-]{subsubsection.3.1.3.3}{\376\377\000c\000o\000u\000n\000t\000C\000l\000i\000e\000n\000t\000s}{subsection.3.1.3}% 13
\BOOKMARK [3][-]{subsubsection.3.1.3.4}{\376\377\000g\000e\000t\000W\000o\000r\000l\000d}{subsection.3.1.3}% 14
\BOOKMARK [3][-]{subsubsection.3.1.3.5}{\376\377\000i\000n\000t\000e\000r\000a\000c\000t\000i\000o\000n}{subsection.3.1.3}% 15
\BOOKMARK [3][-]{subsubsection.3.1.3.6}{\376\377\000r\000a\000m\000a\000s\000s\000e\000r}{subsection.3.1.3}% 16
\BOOKMARK [3][-]{subsubsection.3.1.3.7}{\376\377\000r\000u\000n}{subsection.3.1.3}% 17
\BOOKMARK [3][-]{subsubsection.3.1.3.8}{\376\377\000s\000u\000p\000p\000r\000i\000m\000e\000r\000E\000l\000e\000m\000e\000n\000t}{subsection.3.1.3}% 18
\BOOKMARK [3][-]{subsubsection.3.1.3.9}{\376\377\000v\000o\000i\000s\000i\000n\000s}{subsection.3.1.3}% 19
\BOOKMARK [1][-]{section.3.2}{\376\377\000c\000o\000n\000t\000r\000o\000l\000e\000.\000C\000o\000n\000s\000o\000l\000e\000\040\000C\000l\000a\000s\000s\000\040\000R\000e\000f\000e\000r\000e\000n\000c\000e}{chapter.3}% 20
\BOOKMARK [2][-]{subsection.3.2.1}{\376\377\000D\000e\000t\000a\000i\000l\000e\000d\000\040\000D\000e\000s\000c\000r\000i\000p\000t\000i\000o\000n}{section.3.2}% 21
\BOOKMARK [2][-]{subsection.3.2.2}{\376\377\000C\000o\000n\000s\000t\000r\000u\000c\000t\000o\000r\000\040\000\046\000\040\000D\000e\000s\000t\000r\000u\000c\000t\000o\000r\000\040\000D\000o\000c\000u\000m\000e\000n\000t\000a\000t\000i\000o\000n}{section.3.2}% 22
\BOOKMARK [3][-]{subsubsection.3.2.2.1}{\376\377\000C\000o\000n\000s\000o\000l\000e}{subsection.3.2.2}% 23
\BOOKMARK [2][-]{subsection.3.2.3}{\376\377\000M\000e\000m\000b\000e\000r\000\040\000F\000u\000n\000c\000t\000i\000o\000n\000\040\000D\000o\000c\000u\000m\000e\000n\000t\000a\000t\000i\000o\000n}{section.3.2}% 24
\BOOKMARK [3][-]{subsubsection.3.2.3.1}{\376\377\000a\000f\000f\000i\000c\000h\000e\000r}{subsection.3.2.3}% 25
\BOOKMARK [3][-]{subsubsection.3.2.3.2}{\376\377\000a\000j\000o\000u\000t\000e\000r\000C\000o\000n\000n\000u}{subsection.3.2.3}% 26
\BOOKMARK [3][-]{subsubsection.3.2.3.3}{\376\377\000g\000e\000t\000E\000l\000e\000m\000e\000n\000t}{subsection.3.2.3}% 27
\BOOKMARK [3][-]{subsubsection.3.2.3.4}{\376\377\000g\000e\000t\000V\000u\000e\000E\000l\000e\000m\000e\000n\000t}{subsection.3.2.3}% 28
\BOOKMARK [3][-]{subsubsection.3.2.3.5}{\376\377\000p\000a\000r\000l\000e\000r}{subsection.3.2.3}% 29
\BOOKMARK [3][-]{subsubsection.3.2.3.6}{\376\377\000p\000e\000r\000d\000r\000e\000V\000i\000e}{subsection.3.2.3}% 30
\BOOKMARK [3][-]{subsubsection.3.2.3.7}{\376\377\000r\000a\000m\000a\000s\000s\000e\000r\000O\000b\000j\000e\000t}{subsection.3.2.3}% 31
\BOOKMARK [3][-]{subsubsection.3.2.3.8}{\376\377\000r\000u\000n}{subsection.3.2.3}% 32
\BOOKMARK [3][-]{subsubsection.3.2.3.9}{\376\377\000s\000e\000D\000i\000r\000i\000g\000e\000r\000V\000e\000r\000s}{subsection.3.2.3}% 33
\BOOKMARK [3][-]{subsubsection.3.2.3.10}{\376\377\000s\000h\000u\000t\000D\000o\000w\000n}{subsection.3.2.3}% 34
\BOOKMARK [3][-]{subsubsection.3.2.3.11}{\376\377\000u\000p\000d\000a\000t\000e}{subsection.3.2.3}% 35
\BOOKMARK [1][-]{section.3.3}{\376\377\000i\000n\000t\000e\000r\000a\000c\000t\000i\000o\000n\000.\000D\000u\000e\000l\000B\000a\000s\000i\000c\000\040\000C\000l\000a\000s\000s\000\040\000R\000e\000f\000e\000r\000e\000n\000c\000e}{chapter.3}% 36
\BOOKMARK [2][-]{subsection.3.3.1}{\376\377\000C\000o\000n\000s\000t\000r\000u\000c\000t\000o\000r\000\040\000\046\000\040\000D\000e\000s\000t\000r\000u\000c\000t\000o\000r\000\040\000D\000o\000c\000u\000m\000e\000n\000t\000a\000t\000i\000o\000n}{section.3.3}% 37
\BOOKMARK [3][-]{subsubsection.3.3.1.1}{\376\377\000D\000u\000e\000l\000B\000a\000s\000i\000c}{subsection.3.3.1}% 38
\BOOKMARK [2][-]{subsection.3.3.2}{\376\377\000M\000e\000m\000b\000e\000r\000\040\000F\000u\000n\000c\000t\000i\000o\000n\000\040\000D\000o\000c\000u\000m\000e\000n\000t\000a\000t\000i\000o\000n}{section.3.3}% 39
\BOOKMARK [3][-]{subsubsection.3.3.2.1}{\376\377\000g\000e\000t\000R\000e\000f\000A\000t\000t\000a\000q\000u\000a\000n\000t}{subsection.3.3.2}% 40
\BOOKMARK [3][-]{subsubsection.3.3.2.2}{\376\377\000g\000e\000t\000R\000e\000f\000D\000e\000f\000e\000n\000s\000e\000u\000r}{subsection.3.3.2}% 41
\BOOKMARK [3][-]{subsubsection.3.3.2.3}{\376\377\000r\000e\000a\000l\000i\000s\000e\000r\000C\000o\000m\000b\000a\000t}{subsection.3.3.2}% 42
\BOOKMARK [1][-]{section.3.4}{\376\377\000i\000n\000d\000i\000v\000i\000d\000u\000.\000E\000l\000e\000m\000e\000n\000t\000\040\000C\000l\000a\000s\000s\000\040\000R\000e\000f\000e\000r\000e\000n\000c\000e}{chapter.3}% 43
\BOOKMARK [2][-]{subsection.3.4.1}{\376\377\000C\000o\000n\000s\000t\000r\000u\000c\000t\000o\000r\000\040\000\046\000\040\000D\000e\000s\000t\000r\000u\000c\000t\000o\000r\000\040\000D\000o\000c\000u\000m\000e\000n\000t\000a\000t\000i\000o\000n}{section.3.4}% 44
\BOOKMARK [3][-]{subsubsection.3.4.1.1}{\376\377\000E\000l\000e\000m\000e\000n\000t}{subsection.3.4.1}% 45
\BOOKMARK [3][-]{subsubsection.3.4.1.2}{\376\377\000E\000l\000e\000m\000e\000n\000t}{subsection.3.4.1}% 46
\BOOKMARK [2][-]{subsection.3.4.2}{\376\377\000M\000e\000m\000b\000e\000r\000\040\000F\000u\000n\000c\000t\000i\000o\000n\000\040\000D\000o\000c\000u\000m\000e\000n\000t\000a\000t\000i\000o\000n}{section.3.4}% 47
\BOOKMARK [3][-]{subsubsection.3.4.2.1}{\376\377\000a\000j\000o\000u\000t\000e\000r\000C\000o\000n\000n\000u}{subsection.3.4.2}% 48
\BOOKMARK [3][-]{subsubsection.3.4.2.2}{\376\377\000g\000e\000t\000E\000l\000e\000m\000e\000n\000t\000s\000C\000o\000n\000n\000u\000s}{subsection.3.4.2}% 49
\BOOKMARK [3][-]{subsubsection.3.4.2.3}{\376\377\000g\000e\000t\000N\000o\000m}{subsection.3.4.2}% 50
\BOOKMARK [3][-]{subsubsection.3.4.2.4}{\376\377\000g\000e\000t\000V\000i\000e}{subsection.3.4.2}% 51
\BOOKMARK [3][-]{subsubsection.3.4.2.5}{\376\377\000s\000e\000t\000V\000i\000e}{subsection.3.4.2}% 52
\BOOKMARK [3][-]{subsubsection.3.4.2.6}{\376\377\000t\000o\000S\000t\000r\000i\000n\000g}{subsection.3.4.2}% 53
\BOOKMARK [1][-]{section.3.5}{\376\377\000s\000e\000r\000v\000e\000u\000r\000.\000I\000A\000r\000e\000n\000e\000\040\000I\000n\000t\000e\000r\000f\000a\000c\000e\000\040\000R\000e\000f\000e\000r\000e\000n\000c\000e}{chapter.3}% 54
\BOOKMARK [2][-]{subsection.3.5.1}{\376\377\000D\000e\000t\000a\000i\000l\000e\000d\000\040\000D\000e\000s\000c\000r\000i\000p\000t\000i\000o\000n}{section.3.5}% 55
\BOOKMARK [2][-]{subsection.3.5.2}{\376\377\000M\000e\000m\000b\000e\000r\000\040\000F\000u\000n\000c\000t\000i\000o\000n\000\040\000D\000o\000c\000u\000m\000e\000n\000t\000a\000t\000i\000o\000n}{section.3.5}% 56
\BOOKMARK [3][-]{subsubsection.3.5.2.1}{\376\377\000a\000l\000l\000o\000c\000a\000t\000e\000R\000e\000f}{subsection.3.5.2}% 57
\BOOKMARK [3][-]{subsubsection.3.5.2.2}{\376\377\000c\000o\000n\000n\000e\000c\000t}{subsection.3.5.2}% 58
\BOOKMARK [3][-]{subsubsection.3.5.2.3}{\376\377\000g\000e\000t\000W\000o\000r\000l\000d}{subsection.3.5.2}% 59
\BOOKMARK [3][-]{subsubsection.3.5.2.4}{\376\377\000i\000n\000t\000e\000r\000a\000c\000t\000i\000o\000n}{subsection.3.5.2}% 60
\BOOKMARK [3][-]{subsubsection.3.5.2.5}{\376\377\000r\000a\000m\000a\000s\000s\000e\000r}{subsection.3.5.2}% 61
\BOOKMARK [3][-]{subsubsection.3.5.2.6}{\376\377\000v\000o\000i\000s\000i\000n\000s}{subsection.3.5.2}% 62
\BOOKMARK [1][-]{section.3.6}{\376\377\000i\000n\000d\000i\000v\000i\000d\000u\000.\000I\000C\000o\000m\000b\000a\000t\000t\000a\000n\000t\000\040\000I\000n\000t\000e\000r\000f\000a\000c\000e\000\040\000R\000e\000f\000e\000r\000e\000n\000c\000e}{chapter.3}% 63
\BOOKMARK [2][-]{subsection.3.6.1}{\376\377\000M\000e\000m\000b\000e\000r\000\040\000F\000u\000n\000c\000t\000i\000o\000n\000\040\000D\000o\000c\000u\000m\000e\000n\000t\000a\000t\000i\000o\000n}{section.3.6}% 64
\BOOKMARK [3][-]{subsubsection.3.6.1.1}{\376\377\000g\000a\000g\000n\000e\000r}{subsection.3.6.1}% 65
\BOOKMARK [3][-]{subsubsection.3.6.1.2}{\376\377\000p\000e\000r\000d\000r\000e}{subsection.3.6.1}% 66
\BOOKMARK [3][-]{subsubsection.3.6.1.3}{\376\377\000r\000a\000m\000a\000s\000s\000e\000r}{subsection.3.6.1}% 67
\BOOKMARK [1][-]{section.3.7}{\376\377\000c\000o\000n\000t\000r\000o\000l\000e\000.\000I\000C\000o\000n\000s\000o\000l\000e\000\040\000I\000n\000t\000e\000r\000f\000a\000c\000e\000\040\000R\000e\000f\000e\000r\000e\000n\000c\000e}{chapter.3}% 68
\BOOKMARK [2][-]{subsection.3.7.1}{\376\377\000D\000e\000t\000a\000i\000l\000e\000d\000\040\000D\000e\000s\000c\000r\000i\000p\000t\000i\000o\000n}{section.3.7}% 69
\BOOKMARK [2][-]{subsection.3.7.2}{\376\377\000M\000e\000m\000b\000e\000r\000\040\000F\000u\000n\000c\000t\000i\000o\000n\000\040\000D\000o\000c\000u\000m\000e\000n\000t\000a\000t\000i\000o\000n}{section.3.7}% 70
\BOOKMARK [3][-]{subsubsection.3.7.2.1}{\376\377\000a\000f\000f\000i\000c\000h\000e\000r}{subsection.3.7.2}% 71
\BOOKMARK [3][-]{subsubsection.3.7.2.2}{\376\377\000a\000j\000o\000u\000t\000e\000r\000C\000o\000n\000n\000u}{subsection.3.7.2}% 72
\BOOKMARK [3][-]{subsubsection.3.7.2.3}{\376\377\000g\000e\000t\000E\000l\000e\000m\000e\000n\000t}{subsection.3.7.2}% 73
\BOOKMARK [3][-]{subsubsection.3.7.2.4}{\376\377\000g\000e\000t\000V\000u\000e\000E\000l\000e\000m\000e\000n\000t}{subsection.3.7.2}% 74
\BOOKMARK [3][-]{subsubsection.3.7.2.5}{\376\377\000p\000a\000r\000l\000e\000r}{subsection.3.7.2}% 75
\BOOKMARK [3][-]{subsubsection.3.7.2.6}{\376\377\000p\000e\000r\000d\000r\000e\000V\000i\000e}{subsection.3.7.2}% 76
\BOOKMARK [3][-]{subsubsection.3.7.2.7}{\376\377\000r\000a\000m\000a\000s\000s\000e\000r\000O\000b\000j\000e\000t}{subsection.3.7.2}% 77
\BOOKMARK [3][-]{subsubsection.3.7.2.8}{\376\377\000r\000u\000n}{subsection.3.7.2}% 78
\BOOKMARK [3][-]{subsubsection.3.7.2.9}{\376\377\000s\000h\000u\000t\000D\000o\000w\000n}{subsection.3.7.2}% 79
\BOOKMARK [3][-]{subsubsection.3.7.2.10}{\376\377\000u\000p\000d\000a\000t\000e}{subsection.3.7.2}% 80
\BOOKMARK [1][-]{section.3.8}{\376\377\000i\000n\000t\000e\000r\000a\000c\000t\000i\000o\000n\000.\000I\000D\000u\000e\000l\000\040\000I\000n\000t\000e\000r\000f\000a\000c\000e\000\040\000R\000e\000f\000e\000r\000e\000n\000c\000e}{chapter.3}% 81
\BOOKMARK [2][-]{subsection.3.8.1}{\376\377\000M\000e\000m\000b\000e\000r\000\040\000F\000u\000n\000c\000t\000i\000o\000n\000\040\000D\000o\000c\000u\000m\000e\000n\000t\000a\000t\000i\000o\000n}{section.3.8}% 82
\BOOKMARK [3][-]{subsubsection.3.8.1.1}{\376\377\000g\000e\000t\000R\000e\000f\000A\000t\000t\000a\000q\000u\000a\000n\000t}{subsection.3.8.1}% 83
\BOOKMARK [3][-]{subsubsection.3.8.1.2}{\376\377\000g\000e\000t\000R\000e\000f\000D\000e\000f\000e\000n\000s\000e\000u\000r}{subsection.3.8.1}% 84
\BOOKMARK [3][-]{subsubsection.3.8.1.3}{\376\377\000r\000e\000a\000l\000i\000s\000e\000r\000C\000o\000m\000b\000a\000t}{subsection.3.8.1}% 85
\BOOKMARK [1][-]{section.3.9}{\376\377\000i\000n\000d\000i\000v\000i\000d\000u\000.\000I\000E\000l\000e\000m\000e\000n\000t\000\040\000I\000n\000t\000e\000r\000f\000a\000c\000e\000\040\000R\000e\000f\000e\000r\000e\000n\000c\000e}{chapter.3}% 86
\BOOKMARK [2][-]{subsection.3.9.1}{\376\377\000M\000e\000m\000b\000e\000r\000\040\000F\000u\000n\000c\000t\000i\000o\000n\000\040\000D\000o\000c\000u\000m\000e\000n\000t\000a\000t\000i\000o\000n}{section.3.9}% 87
\BOOKMARK [3][-]{subsubsection.3.9.1.1}{\376\377\000a\000j\000o\000u\000t\000e\000r\000C\000o\000n\000n\000u}{subsection.3.9.1}% 88
\BOOKMARK [3][-]{subsubsection.3.9.1.2}{\376\377\000g\000e\000t\000E\000l\000e\000m\000e\000n\000t\000s\000C\000o\000n\000n\000u\000s}{subsection.3.9.1}% 89
\BOOKMARK [3][-]{subsubsection.3.9.1.3}{\376\377\000g\000e\000t\000N\000o\000m}{subsection.3.9.1}% 90
\BOOKMARK [3][-]{subsubsection.3.9.1.4}{\376\377\000g\000e\000t\000V\000i\000e}{subsection.3.9.1}% 91
\BOOKMARK [3][-]{subsubsection.3.9.1.5}{\376\377\000s\000e\000t\000V\000i\000e}{subsection.3.9.1}% 92
\BOOKMARK [3][-]{subsubsection.3.9.1.6}{\376\377\000t\000o\000S\000t\000r\000i\000n\000g}{subsection.3.9.1}% 93
\BOOKMARK [1][-]{section.3.10}{\376\377\000i\000n\000t\000e\000r\000f\000a\000c\000e\000G\000r\000a\000p\000h\000i\000q\000u\000e\000.\000I\000H\000M\000\040\000C\000l\000a\000s\000s\000\040\000R\000e\000f\000e\000r\000e\000n\000c\000e}{chapter.3}% 94
\BOOKMARK [2][-]{subsection.3.10.1}{\376\377\000M\000e\000m\000b\000e\000r\000\040\000F\000u\000n\000c\000t\000i\000o\000n\000\040\000D\000o\000c\000u\000m\000e\000n\000t\000a\000t\000i\000o\000n}{section.3.10}% 95
\BOOKMARK [3][-]{subsubsection.3.10.1.1}{\376\377\000c\000o\000n\000n\000e\000c\000t}{subsection.3.10.1}% 96
\BOOKMARK [1][-]{section.3.11}{\376\377\000i\000n\000t\000e\000r\000f\000a\000c\000e\000G\000r\000a\000p\000h\000i\000q\000u\000e\000.\000P\000o\000i\000n\000t\000C\000o\000m\000p\000\040\000C\000l\000a\000s\000s\000\040\000R\000e\000f\000e\000r\000e\000n\000c\000e}{chapter.3}% 97
\BOOKMARK [2][-]{subsection.3.11.1}{\376\377\000C\000o\000n\000s\000t\000r\000u\000c\000t\000o\000r\000\040\000\046\000\040\000D\000e\000s\000t\000r\000u\000c\000t\000o\000r\000\040\000D\000o\000c\000u\000m\000e\000n\000t\000a\000t\000i\000o\000n}{section.3.11}% 98
\BOOKMARK [3][-]{subsubsection.3.11.1.1}{\376\377\000P\000o\000i\000n\000t\000C\000o\000m\000p}{subsection.3.11.1}% 99
\BOOKMARK [3][-]{subsubsection.3.11.1.2}{\376\377\000P\000o\000i\000n\000t\000C\000o\000m\000p}{subsection.3.11.1}% 100
\BOOKMARK [2][-]{subsection.3.11.2}{\376\377\000M\000e\000m\000b\000e\000r\000\040\000F\000u\000n\000c\000t\000i\000o\000n\000\040\000D\000o\000c\000u\000m\000e\000n\000t\000a\000t\000i\000o\000n}{section.3.11}% 101
\BOOKMARK [3][-]{subsubsection.3.11.2.1}{\376\377\000c\000o\000m\000p\000a\000r\000e}{subsection.3.11.2}% 102
\BOOKMARK [1][-]{section.3.12}{\376\377\000c\000o\000n\000t\000r\000o\000l\000e\000.\000S\000t\000r\000a\000t\000e\000g\000i\000e\000\040\000C\000l\000a\000s\000s\000\040\000R\000e\000f\000e\000r\000e\000n\000c\000e}{chapter.3}% 103
\BOOKMARK [2][-]{subsection.3.12.1}{\376\377\000M\000e\000m\000b\000e\000r\000\040\000F\000u\000n\000c\000t\000i\000o\000n\000\040\000D\000o\000c\000u\000m\000e\000n\000t\000a\000t\000i\000o\000n}{section.3.12}% 104
\BOOKMARK [3][-]{subsubsection.3.12.1.1}{\376\377\000c\000h\000e\000r\000c\000h\000e\000r\000E\000l\000e\000m\000e\000n\000t\000P\000r\000o\000c\000h\000e}{subsection.3.12.1}% 105
\BOOKMARK [1][-]{section.3.13}{\376\377\000T\000e\000s\000t\000C\000o\000n\000s\000o\000l\000e\000\040\000C\000l\000a\000s\000s\000\040\000R\000e\000f\000e\000r\000e\000n\000c\000e}{chapter.3}% 106
\BOOKMARK [2][-]{subsection.3.13.1}{\376\377\000D\000e\000t\000a\000i\000l\000e\000d\000\040\000D\000e\000s\000c\000r\000i\000p\000t\000i\000o\000n}{section.3.13}% 107
\BOOKMARK [2][-]{subsection.3.13.2}{\376\377\000M\000e\000m\000b\000e\000r\000\040\000F\000u\000n\000c\000t\000i\000o\000n\000\040\000D\000o\000c\000u\000m\000e\000n\000t\000a\000t\000i\000o\000n}{section.3.13}% 108
\BOOKMARK [3][-]{subsubsection.3.13.2.1}{\376\377\000m\000a\000i\000n}{subsection.3.13.2}% 109
\BOOKMARK [1][-]{section.3.14}{\376\377\000T\000e\000s\000t\000I\000H\000M\000\040\000C\000l\000a\000s\000s\000\040\000R\000e\000f\000e\000r\000e\000n\000c\000e}{chapter.3}% 110
\BOOKMARK [2][-]{subsection.3.14.1}{\376\377\000D\000e\000t\000a\000i\000l\000e\000d\000\040\000D\000e\000s\000c\000r\000i\000p\000t\000i\000o\000n}{section.3.14}% 111
\BOOKMARK [2][-]{subsection.3.14.2}{\376\377\000M\000e\000m\000b\000e\000r\000\040\000F\000u\000n\000c\000t\000i\000o\000n\000\040\000D\000o\000c\000u\000m\000e\000n\000t\000a\000t\000i\000o\000n}{section.3.14}% 112
\BOOKMARK [3][-]{subsubsection.3.14.2.1}{\376\377\000m\000a\000i\000n}{subsection.3.14.2}% 113
\BOOKMARK [1][-]{section.3.15}{\376\377\000T\000e\000s\000t\000S\000e\000r\000v\000e\000u\000r\000\040\000C\000l\000a\000s\000s\000\040\000R\000e\000f\000e\000r\000e\000n\000c\000e}{chapter.3}% 114
\BOOKMARK [2][-]{subsection.3.15.1}{\376\377\000D\000e\000t\000a\000i\000l\000e\000d\000\040\000D\000e\000s\000c\000r\000i\000p\000t\000i\000o\000n}{section.3.15}% 115
\BOOKMARK [2][-]{subsection.3.15.2}{\376\377\000M\000e\000m\000b\000e\000r\000\040\000F\000u\000n\000c\000t\000i\000o\000n\000\040\000D\000o\000c\000u\000m\000e\000n\000t\000a\000t\000i\000o\000n}{section.3.15}% 116
\BOOKMARK [3][-]{subsubsection.3.15.2.1}{\376\377\000m\000a\000i\000n}{subsection.3.15.2}% 117
\BOOKMARK [1][-]{section.3.16}{\376\377\000s\000e\000r\000v\000e\000u\000r\000.\000A\000r\000e\000n\000e\000.\000T\000i\000m\000e\000o\000u\000t\000O\000p\000\040\000C\000l\000a\000s\000s\000\040\000R\000e\000f\000e\000r\000e\000n\000c\000e}{chapter.3}% 118
\BOOKMARK [2][-]{subsection.3.16.1}{\376\377\000D\000e\000t\000a\000i\000l\000e\000d\000\040\000D\000e\000s\000c\000r\000i\000p\000t\000i\000o\000n}{section.3.16}% 119
\BOOKMARK [1][-]{section.3.17}{\376\377\000u\000t\000i\000l\000i\000t\000a\000i\000r\000e\000s\000.\000U\000t\000i\000l\000i\000t\000a\000i\000r\000e\000C\000o\000n\000s\000o\000l\000e\000\040\000C\000l\000a\000s\000s\000\040\000R\000e\000f\000e\000r\000e\000n\000c\000e}{chapter.3}% 120
\BOOKMARK [2][-]{subsection.3.17.1}{\376\377\000M\000e\000m\000b\000e\000r\000\040\000F\000u\000n\000c\000t\000i\000o\000n\000\040\000D\000o\000c\000u\000m\000e\000n\000t\000a\000t\000i\000o\000n}{section.3.17}% 121
\BOOKMARK [3][-]{subsubsection.3.17.1.1}{\376\377\000c\000a\000s\000e\000V\000i\000d\000e}{subsection.3.17.1}% 122
\BOOKMARK [3][-]{subsubsection.3.17.1.2}{\376\377\000d\000i\000s\000t\000a\000n\000c\000e\000C\000h\000e\000b\000y\000s\000h\000e\000v}{subsection.3.17.1}% 123
\BOOKMARK [3][-]{subsubsection.3.17.1.3}{\376\377\000m\000e\000i\000l\000l\000e\000u\000r\000P\000o\000i\000n\000t}{subsection.3.17.1}% 124
\BOOKMARK [1][-]{section.3.18}{\376\377\000i\000n\000t\000e\000r\000f\000a\000c\000e\000G\000r\000a\000p\000h\000i\000q\000u\000e\000.\000V\000u\000e\000E\000l\000e\000m\000e\000n\000t\000\040\000C\000l\000a\000s\000s\000\040\000R\000e\000f\000e\000r\000e\000n\000c\000e}{chapter.3}% 125
\BOOKMARK [2][-]{subsection.3.18.1}{\376\377\000C\000o\000n\000s\000t\000r\000u\000c\000t\000o\000r\000\040\000\046\000\040\000D\000e\000s\000t\000r\000u\000c\000t\000o\000r\000\040\000D\000o\000c\000u\000m\000e\000n\000t\000a\000t\000i\000o\000n}{section.3.18}% 126
\BOOKMARK [3][-]{subsubsection.3.18.1.1}{\376\377\000V\000u\000e\000E\000l\000e\000m\000e\000n\000t}{subsection.3.18.1}% 127
\BOOKMARK [3][-]{subsubsection.3.18.1.2}{\376\377\000V\000u\000e\000E\000l\000e\000m\000e\000n\000t}{subsection.3.18.1}% 128
\BOOKMARK [2][-]{subsection.3.18.2}{\376\377\000M\000e\000m\000b\000e\000r\000\040\000F\000u\000n\000c\000t\000i\000o\000n\000\040\000D\000o\000c\000u\000m\000e\000n\000t\000a\000t\000i\000o\000n}{section.3.18}% 129
\BOOKMARK [3][-]{subsubsection.3.18.2.1}{\376\377\000a\000f\000f\000i\000c\000h\000e\000r}{subsection.3.18.2}% 130
\BOOKMARK [3][-]{subsubsection.3.18.2.2}{\376\377\000c\000l\000o\000n\000e}{subsection.3.18.2}% 131
\BOOKMARK [3][-]{subsubsection.3.18.2.3}{\376\377\000d\000e\000c\000r\000T\000T\000L}{subsection.3.18.2}% 132
\BOOKMARK [3][-]{subsubsection.3.18.2.4}{\376\377\000g\000e\000t\000C\000o\000n\000t\000r\000o\000l\000e\000u\000r}{subsection.3.18.2}% 133
\BOOKMARK [3][-]{subsubsection.3.18.2.5}{\376\377\000g\000e\000t\000P\000h\000r\000a\000s\000e}{subsection.3.18.2}% 134
\BOOKMARK [3][-]{subsubsection.3.18.2.6}{\376\377\000g\000e\000t\000P\000o\000i\000n\000t}{subsection.3.18.2}% 135
\BOOKMARK [3][-]{subsubsection.3.18.2.7}{\376\377\000g\000e\000t\000R\000e\000f}{subsection.3.18.2}% 136
\BOOKMARK [3][-]{subsubsection.3.18.2.8}{\376\377\000g\000e\000t\000T\000T\000L}{subsection.3.18.2}% 137
\BOOKMARK [3][-]{subsubsection.3.18.2.9}{\376\377\000s\000e\000t\000P\000h\000r\000a\000s\000e}{subsection.3.18.2}% 138
\BOOKMARK [3][-]{subsubsection.3.18.2.10}{\376\377\000s\000e\000t\000P\000o\000i\000n\000t}{subsection.3.18.2}% 139
\BOOKMARK [3][-]{subsubsection.3.18.2.11}{\376\377\000s\000e\000t\000T\000T\000L}{subsection.3.18.2}% 140
